<< CAP LS
<< PASS kek
<< NICK pouet
<< USER pmagnero pmagnero localhost :Pierre Magneron
>> :localhost 001 pouet :Welcome to the KEK Network, pouet
<< MODE pouet +i
>> :localhost 002 pouet :Your host is KEKservername, running version 3.0
>> :localhost 003 pouet :This server was created [2025-01-24 17:04:19]
<< PING localhost
>> PONG localhost localhost
--> lag pong
<< PING localhost
>> PONG localhost localhost
--> lag pong
<< JOIN #kek
>> :localhost 473 pouet #kek :Cannot join channel (+i)
>> :magnus!pmagnero@localhost INVITE pouet #kek
<< JOIN #kek
>> :localhost 332 pouet #kek :
<< PRIVMSG #kek :wef
>> :magnus!pmagnero@localhost PRIVMSG #kek :wef
<< TOPIC #kek :holea
>> :localhost 482 pouet #kek :You're not channel operator
<< PING localhost
>> PONG localhost localhost
--> lag pong
<< CAP LS
<< PASS kek
<< NICK pouet
<< USER pmagnero pmagnero localhost :Pierre Magneron
>> :localhost 001 pouet :Welcome to the KEK Network, pouet
<< MODE pouet +i
>> :localhost 002 pouet :Your host is KEKservername, running version 3.0
>> :localhost 003 pouet :This server was created [2025-01-24 17:17:42]
<< PING localhost
>> PONG localhost localhost
--> lag pong
>> :magnus!pmagnero@localhost INVITE pouet #kek
<< JOIN #kek
>> :localhost 332 pouet #kek :
<< PRIVMSG #kek :w
<< PING localhost
>> PONG localhost localhost
--> lag pong
<< PING localhost
>> PONG localhost localhost
--> lag pong
<< TOPIC hey
>> :localhost 403 pouet hey :No such channel
<< PRIVMSG #kek :d
<< TOPIC #kek :hoi
>> :localhost 482 pouet #kek :You're not channel operator
<< PING localhost
>> PONG localhost localhost
--> lag pong
<< PING localhost
>> PONG localhost localhost
--> lag pong
<< PING localhost
>> PONG localhost localhost
--> lag pong
<< PING localhost
>> PONG localhost localhost
--> lag pong
<< PING localhost
>> PONG localhost localhost
--> lag pong
<< PING localhost
>> PONG localhost localhost
--> lag pong
<< PING localhost
>> PONG localhost localhost
--> lag pong
<< PING localhost
>> PONG localhost localhost
--> lag pong
